
INFO:root:test log message
INFO:root:Starting diagnostic check...
INFO:root:Initializing curses environment...
INFO:root:Creating panes...
INFO:root:Loading feeds from file...
DEBUG:urllib3.connectionpool:Starting new HTTPS connection (1): bbc.co.uk:443
DEBUG:urllib3.connectionpool:https://bbc.co.uk:443 "GET / HTTP/1.1" 301 0
DEBUG:urllib3.connectionpool:Starting new HTTPS connection (1): www.bbc.co.uk:443
DEBUG:urllib3.connectionpool:https://www.bbc.co.uk:443 "GET / HTTP/1.1" 200 60814
DEBUG:urllib3.connectionpool:Starting new HTTPS connection (1): cnn.com:443
DEBUG:urllib3.connectionpool:https://cnn.com:443 "GET / HTTP/1.1" 301 0
DEBUG:urllib3.connectionpool:Starting new HTTPS connection (1): www.cnn.com:443
DEBUG:urllib3.connectionpool:https://www.cnn.com:443 "GET / HTTP/1.1" 200 716316
DEBUG:urllib3.connectionpool:Starting new HTTPS connection (1): nytimes.com:443
DEBUG:urllib3.connectionpool:https://nytimes.com:443 "GET / HTTP/1.1" 301 0
DEBUG:urllib3.connectionpool:Starting new HTTPS connection (1): www.nytimes.com:443
DEBUG:urllib3.connectionpool:https://www.nytimes.com:443 "GET / HTTP/1.1" 200 152048
DEBUG:urllib3.connectionpool:Starting new HTTPS connection (1): www.theguardian.com:443
DEBUG:urllib3.connectionpool:https://www.theguardian.com:443 "GET / HTTP/1.1" 302 0
DEBUG:urllib3.connectionpool:Resetting dropped connection: www.theguardian.com
DEBUG:urllib3.connectionpool:https://www.theguardian.com:443 "GET /us HTTP/1.1" 200 113958
DEBUG:urllib3.connectionpool:Starting new HTTPS connection (1): reuters.com:443
DEBUG:urllib3.connectionpool:https://reuters.com:443 "GET / HTTP/1.1" 301 0
DEBUG:urllib3.connectionpool:Starting new HTTPS connection (1): www.reuters.com:443
DEBUG:urllib3.connectionpool:https://www.reuters.com:443 "GET / HTTP/1.1" 200 None
DEBUG:charset_normalizer:Encoding detection: utf_8 is most likely the one.
DEBUG:urllib3.connectionpool:Starting new HTTPS connection (1): washingtonpost.com:443
DEBUG:urllib3.connectionpool:https://washingtonpost.com:443 "GET / HTTP/1.1" 301 0
DEBUG:urllib3.connectionpool:Starting new HTTPS connection (1): www.washingtonpost.com:443
DEBUG:urllib3.connectionpool:https://www.washingtonpost.com:443 "GET / HTTP/1.1" 200 None
DEBUG:urllib3.connectionpool:Starting new HTTPS connection (1): www.npr.org:443
DEBUG:urllib3.connectionpool:https://www.npr.org:443 "GET / HTTP/1.1" 200 30286
DEBUG:urllib3.connectionpool:Starting new HTTPS connection (1): www.aljazeera.com:443
DEBUG:urllib3.connectionpool:https://www.aljazeera.com:443 "GET / HTTP/1.1" 200 63611
DEBUG:urllib3.connectionpool:Starting new HTTPS connection (1): news.ycombinator.com:443
DEBUG:urllib3.connectionpool:https://news.ycombinator.com:443 "GET / HTTP/1.1" 200 None
DEBUG:charset_normalizer:Encoding detection: utf_8 is most likely the one.
DEBUG:urllib3.connectionpool:Starting new HTTPS connection (1): techcrunch.com:443
DEBUG:urllib3.connectionpool:https://techcrunch.com:443 "GET / HTTP/1.1" 200 403994
INFO:root:Processing feed: BBC News
INFO:root:Processing feed: CNN
WARNING:root:No posts found for feed: CNN
INFO:root:Processing feed: The New York Times
INFO:root:Processing feed: The Guardian
INFO:root:Processing feed: Reuters
WARNING:root:No posts found for feed: Reuters
INFO:root:Processing feed: The Washington Post
INFO:root:Processing feed: NPR
INFO:root:Processing feed: Al Jazeera English
INFO:root:Processing feed: Hacker News
WARNING:root:No posts found for feed: Hacker News
INFO:root:Processing feed: TechCrunch
INFO:root:Displaying feeds and posts...
DEBUG:root:Current feed index: 0
DEBUG:root:Key pressed: 258
DEBUG:root:Current feed index: 1
DEBUG:root:Current feed index: 1
DEBUG:root:Key pressed: 10
DEBUG:root:Current feed index: 1
DEBUG:root:Key pressed: 258
DEBUG:root:Current feed index: 2
DEBUG:root:Current feed index: 2
DEBUG:root:Key pressed: 258
DEBUG:root:Current feed index: 3
DEBUG:root:Current feed index: 3
DEBUG:root:Key pressed: 258
DEBUG:root:Current feed index: 4
DEBUG:root:Current feed index: 4
DEBUG:root:Key pressed: 258
DEBUG:root:Current feed index: 5
DEBUG:root:Current feed index: 5
DEBUG:root:Key pressed: 258
DEBUG:root:Current feed index: 6
DEBUG:root:Current feed index: 6
DEBUG:root:Key pressed: 258
DEBUG:root:Current feed index: 7
DEBUG:root:Current feed index: 7
DEBUG:root:Key pressed: 258
DEBUG:root:Current feed index: 8
DEBUG:root:Current feed index: 8
DEBUG:root:Key pressed: 258
DEBUG:root:Current feed index: 9
DEBUG:root:Current feed index: 9
DEBUG:root:Key pressed: 113
INFO:root:Ending curses environment...
INFO:root:Diagnostic check completed.
INFO:root:test log message
INFO:root:Starting diagnostic check...
INFO:root:Initializing curses environment...
INFO:root:Creating panes...
INFO:root:Loading feeds from file...
DEBUG:urllib3.connectionpool:Starting new HTTPS connection (1): bbc.co.uk:443
DEBUG:urllib3.connectionpool:https://bbc.co.uk:443 "GET / HTTP/1.1" 301 0
DEBUG:urllib3.connectionpool:Starting new HTTPS connection (1): www.bbc.co.uk:443
DEBUG:urllib3.connectionpool:https://www.bbc.co.uk:443 "GET / HTTP/1.1" 200 61701
DEBUG:urllib3.connectionpool:Starting new HTTPS connection (1): cnn.com:443
DEBUG:urllib3.connectionpool:https://cnn.com:443 "GET / HTTP/1.1" 301 0
DEBUG:urllib3.connectionpool:Starting new HTTPS connection (1): www.cnn.com:443
DEBUG:urllib3.connectionpool:https://www.cnn.com:443 "GET / HTTP/1.1" 200 712791
DEBUG:urllib3.connectionpool:Starting new HTTPS connection (1): nytimes.com:443
DEBUG:urllib3.connectionpool:https://nytimes.com:443 "GET / HTTP/1.1" 301 0
DEBUG:urllib3.connectionpool:Starting new HTTPS connection (1): www.nytimes.com:443
DEBUG:urllib3.connectionpool:https://www.nytimes.com:443 "GET / HTTP/1.1" 200 153952
DEBUG:urllib3.connectionpool:Starting new HTTPS connection (1): www.theguardian.com:443
DEBUG:urllib3.connectionpool:https://www.theguardian.com:443 "GET / HTTP/1.1" 302 0
DEBUG:urllib3.connectionpool:Resetting dropped connection: www.theguardian.com
DEBUG:urllib3.connectionpool:https://www.theguardian.com:443 "GET /us HTTP/1.1" 200 113115
DEBUG:urllib3.connectionpool:Starting new HTTPS connection (1): reuters.com:443
DEBUG:urllib3.connectionpool:https://reuters.com:443 "GET / HTTP/1.1" 301 0
DEBUG:urllib3.connectionpool:Starting new HTTPS connection (1): www.reuters.com:443
DEBUG:urllib3.connectionpool:https://www.reuters.com:443 "GET / HTTP/1.1" 200 None
DEBUG:charset_normalizer:Encoding detection: utf_8 is most likely the one.
DEBUG:urllib3.connectionpool:Starting new HTTPS connection (1): washingtonpost.com:443
DEBUG:urllib3.connectionpool:https://washingtonpost.com:443 "GET / HTTP/1.1" 301 0
DEBUG:urllib3.connectionpool:Starting new HTTPS connection (1): www.washingtonpost.com:443
DEBUG:urllib3.connectionpool:https://www.washingtonpost.com:443 "GET / HTTP/1.1" 200 None
DEBUG:urllib3.connectionpool:Starting new HTTPS connection (1): www.npr.org:443
DEBUG:urllib3.connectionpool:https://www.npr.org:443 "GET / HTTP/1.1" 200 33405
DEBUG:urllib3.connectionpool:Starting new HTTPS connection (1): www.aljazeera.com:443
DEBUG:urllib3.connectionpool:https://www.aljazeera.com:443 "GET / HTTP/1.1" 200 62500
DEBUG:urllib3.connectionpool:Starting new HTTPS connection (1): news.ycombinator.com:443
DEBUG:urllib3.connectionpool:https://news.ycombinator.com:443 "GET / HTTP/1.1" 200 None
DEBUG:charset_normalizer:Encoding detection: utf_8 is most likely the one.
DEBUG:urllib3.connectionpool:Starting new HTTPS connection (1): techcrunch.com:443
DEBUG:urllib3.connectionpool:https://techcrunch.com:443 "GET / HTTP/1.1" 200 404171
INFO:root:Processing feed: BBC News
INFO:root:Processing feed: CNN
WARNING:root:No posts found for feed: CNN
INFO:root:Processing feed: The New York Times
INFO:root:Processing feed: The Guardian
INFO:root:Processing feed: Reuters
WARNING:root:No posts found for feed: Reuters
INFO:root:Processing feed: The Washington Post
INFO:root:Processing feed: NPR
INFO:root:Processing feed: Al Jazeera English
INFO:root:Processing feed: Hacker News
WARNING:root:No posts found for feed: Hacker News
INFO:root:Processing feed: TechCrunch
INFO:root:Displaying feeds and posts...
DEBUG:root:Current feed index: 0
DEBUG:root:Key pressed: 258
DEBUG:root:Current feed index: 1
DEBUG:root:Current feed index: 1
DEBUG:root:Key pressed: 258
DEBUG:root:Current feed index: 2
DEBUG:root:Current feed index: 2
DEBUG:root:Key pressed: 10
DEBUG:root:Current feed index: 2
DEBUG:root:Key pressed: 258
DEBUG:root:Current feed index: 3
DEBUG:root:Current feed index: 3
DEBUG:root:Key pressed: 10
DEBUG:root:Current feed index: 3
DEBUG:root:Key pressed: 258
DEBUG:root:Current feed index: 4
DEBUG:root:Current feed index: 4
DEBUG:root:Key pressed: 10
DEBUG:root:Current feed index: 4
DEBUG:root:Key pressed: 258
DEBUG:root:Current feed index: 5
DEBUG:root:Current feed index: 5
DEBUG:root:Key pressed: 10
DEBUG:root:Current feed index: 5
DEBUG:root:Key pressed: 258
DEBUG:root:Current feed index: 6
DEBUG:root:Current feed index: 6
DEBUG:root:Key pressed: 10
DEBUG:root:Current feed index: 6
DEBUG:root:Key pressed: 258
DEBUG:root:Current feed index: 7
DEBUG:root:Current feed index: 7
DEBUG:root:Key pressed: 259
DEBUG:root:Current feed index: 6
DEBUG:root:Current feed index: 6
DEBUG:root:Key pressed: 113
INFO:root:Ending curses environment...
INFO:root:Diagnostic check completed.
